<?xml version="1.0" encoding="UTF-8"?>
<testsuite xmlns:xsi="http://www.w3.org/2001/XMLSchema-instance" xsi:noNamespaceSchemaLocation="https://maven.apache.org/surefire/maven-surefire-plugin/xsd/surefire-test-report.xsd" name="com.github.flaze07.LinkedListTest" time="0" tests="2" errors="0" skipped="0" failures="0">
  <properties>
[...]
</properties>
  <testcase name="shouldBeEmpty" classname="com.github.flaze07.LinkedListTest" time="0"/>
  <testcase name="shouldBeNotEmpty" classname="com.github.flaze07.LinkedListTest" time="0"/>
</testsuite>